Post Processor Report
OrCAD FILE: D:\DATE\GPR\HARDWARE\SECTIUNEA_LF\GPR_LF.MAX
Tue May 21 19:41:13 2024

*********************************************************

Output file: D:\DATE\GPR\HARDWARE\SECTIUNEA_LF\GPR_LF.TOP

Aperture totals for D:\DATE\GPR\HARDWARE\SECTIUNEA_LF\GPR_LF.TOP:
---------------------------------------------------------
D19:  0.0750 ROUND  --       0 Draws,      70 Flashes
D20:  0.0750 SQUARE --       0 Draws,      12 Flashes
D24:  0.0300 ROUND  --      18 Draws,       0 Flashes
D25:  0.0200 ROUND  --       1 Draws,       0 Flashes
D45:  0.0750 ROUND  --       0 Draws,      14 Flashes
D53:  0.1100 ROUND  --       0 Draws,       4 Flashes
---------------------------------------------------------
  6 D-Codes      -----      19 Draws,     100 Flashes

*********************************************************

Output file: D:\DATE\GPR\HARDWARE\SECTIUNEA_LF\GPR_LF.BOT

Aperture totals for D:\DATE\GPR\HARDWARE\SECTIUNEA_LF\GPR_LF.BOT:
---------------------------------------------------------
D19:  0.0750 ROUND  --       0 Draws,      70 Flashes
D20:  0.0750 SQUARE --       0 Draws,      12 Flashes
D24:  0.0300 ROUND  --     311 Draws,       0 Flashes
D25:  0.0200 ROUND  --      38 Draws,       0 Flashes
D30:  0.0100 ROUND  --     170 Draws,       0 Flashes
D31:  0.0500 ROUND  --    1226 Draws,       0 Flashes
D32:  0.0080 ROUND  --      17 Draws,       0 Flashes
D33:  0.0250 ROUND  --      25 Draws,       0 Flashes
D34:  0.0180 ROUND  --      37 Draws,       0 Flashes
D45:  0.0750 ROUND  --       0 Draws,      14 Flashes
D48:  0.0750 x 0.0250 OBLONG    -----      19 Flashes
D49:  0.0750 x 0.0250 RECTANGLE -----       3 Flashes
D50:  0.0250 x 0.0750 OBLONG    -----       5 Flashes
D51:  0.0250 x 0.0750 RECTANGLE -----       1 Flashes
D54:  0.1000 ROUND  --       0 Draws,       4 Flashes
---------------------------------------------------------
 15 D-Codes      -----    1824 Draws,     128 Flashes

*********************************************************

Output file: D:\DATE\GPR\HARDWARE\SECTIUNEA_LF\GPR_LF.GND

Aperture totals for D:\DATE\GPR\HARDWARE\SECTIUNEA_LF\GPR_LF.GND:
---------------------------------------------------------
D19:  0.0750 ROUND  --       0 Draws,      70 Flashes
D20:  0.0750 SQUARE --       0 Draws,      12 Flashes
D45:  0.0750 ROUND  --       0 Draws,      14 Flashes
D52:  0.0400 ROUND  --       4 Draws,       0 Flashes
D55:  0.1400 ROUND  --       0 Draws,       4 Flashes
---------------------------------------------------------
  5 D-Codes      -----       4 Draws,     100 Flashes

*********************************************************

Output file: D:\DATE\GPR\HARDWARE\SECTIUNEA_LF\GPR_LF.PWR

Aperture totals for D:\DATE\GPR\HARDWARE\SECTIUNEA_LF\GPR_LF.PWR:
---------------------------------------------------------
D19:  0.0750 ROUND  --       0 Draws,      70 Flashes
D20:  0.0750 SQUARE --       0 Draws,      12 Flashes
D45:  0.0750 ROUND  --       0 Draws,      14 Flashes
D52:  0.0400 ROUND  --       4 Draws,       0 Flashes
D55:  0.1400 ROUND  --       0 Draws,       4 Flashes
---------------------------------------------------------
  5 D-Codes      -----       4 Draws,     100 Flashes

*********************************************************

Output file: D:\DATE\GPR\HARDWARE\SECTIUNEA_LF\GPR_LF.SMT

Aperture totals for D:\DATE\GPR\HARDWARE\SECTIUNEA_LF\GPR_LF.SMT:
---------------------------------------------------------
D19:  0.0750 ROUND  --       0 Draws,      70 Flashes
D20:  0.0750 SQUARE --       0 Draws,      12 Flashes
D45:  0.0750 ROUND  --       0 Draws,      14 Flashes
D56:  0.1050 ROUND  --       0 Draws,       4 Flashes
---------------------------------------------------------
  4 D-Codes      -----       0 Draws,     100 Flashes

*********************************************************

Output file: D:\DATE\GPR\HARDWARE\SECTIUNEA_LF\GPR_LF.SMB

Aperture totals for D:\DATE\GPR\HARDWARE\SECTIUNEA_LF\GPR_LF.SMB:
---------------------------------------------------------
D19:  0.0750 ROUND  --       0 Draws,      70 Flashes
D20:  0.0750 SQUARE --       0 Draws,      12 Flashes
D45:  0.0750 ROUND  --       0 Draws,      14 Flashes
D48:  0.0750 x 0.0250 OBLONG    -----      19 Flashes
D49:  0.0750 x 0.0250 RECTANGLE -----       3 Flashes
D50:  0.0250 x 0.0750 OBLONG    -----       5 Flashes
D51:  0.0250 x 0.0750 RECTANGLE -----       1 Flashes
D56:  0.1050 ROUND  --       0 Draws,       4 Flashes
---------------------------------------------------------
  8 D-Codes      -----       0 Draws,     128 Flashes

*********************************************************

Output file: D:\DATE\GPR\HARDWARE\SECTIUNEA_LF\GPR_LF.SST

Aperture totals for D:\DATE\GPR\HARDWARE\SECTIUNEA_LF\GPR_LF.SST:
---------------------------------------------------------
D30:  0.0100 ROUND  --      56 Draws,       0 Flashes
D32:  0.0080 ROUND  --     745 Draws,       0 Flashes
---------------------------------------------------------
  2 D-Codes      -----     801 Draws,       0 Flashes

*********************************************************

Output file: D:\DATE\GPR\HARDWARE\SECTIUNEA_LF\GPR_LF.AST

Aperture totals for D:\DATE\GPR\HARDWARE\SECTIUNEA_LF\GPR_LF.AST:
---------------------------------------------------------
D19:  0.0750 ROUND  --       0 Draws,      68 Flashes
D20:  0.0750 SQUARE --       0 Draws,      12 Flashes
D30:  0.0100 ROUND  --      65 Draws,       0 Flashes
D32:  0.0080 ROUND  --    1652 Draws,       0 Flashes
D52:  0.0400 ROUND  --       4 Draws,       0 Flashes
---------------------------------------------------------
  5 D-Codes      -----    1721 Draws,      80 Flashes

*********************************************************

Output file: D:\DATE\GPR\HARDWARE\SECTIUNEA_LF\GPR_LF.DRD

Aperture totals for D:\DATE\GPR\HARDWARE\SECTIUNEA_LF\GPR_LF.DRD:
---------------------------------------------------------
D30:  0.0100 ROUND  --     496 Draws,       0 Flashes
D52:  0.0400 ROUND  --       4 Draws,       0 Flashes
---------------------------------------------------------
  2 D-Codes      -----     500 Draws,       0 Flashes


*********************************************************

Aperture totals for entire project:
---------------------------------------------------------
D19:  0.0750 ROUND  --       0 Draws,     488 Flashes
D20:  0.0750 SQUARE --       0 Draws,      84 Flashes
D24:  0.0300 ROUND  --     329 Draws,       0 Flashes
D25:  0.0200 ROUND  --      39 Draws,       0 Flashes
D30:  0.0100 ROUND  --     787 Draws,       0 Flashes
D31:  0.0500 ROUND  --    1226 Draws,       0 Flashes
D32:  0.0080 ROUND  --    2414 Draws,       0 Flashes
D33:  0.0250 ROUND  --      25 Draws,       0 Flashes
D34:  0.0180 ROUND  --      37 Draws,       0 Flashes
D45:  0.0750 ROUND  --       0 Draws,      84 Flashes
D48:  0.0750 x 0.0250 OBLONG    -----      38 Flashes
D49:  0.0750 x 0.0250 RECTANGLE -----       6 Flashes
D50:  0.0250 x 0.0750 OBLONG    -----      10 Flashes
D51:  0.0250 x 0.0750 RECTANGLE -----       2 Flashes
D52:  0.0400 ROUND  --      16 Draws,       0 Flashes
D53:  0.1100 ROUND  --       0 Draws,       4 Flashes
D54:  0.1000 ROUND  --       0 Draws,       4 Flashes
D55:  0.1400 ROUND  --       0 Draws,       8 Flashes
D56:  0.1050 ROUND  --       0 Draws,       8 Flashes
---------------------------------------------------------
 19 D-Codes      -----    4873 Draws,     736 Flashes


No warnings or errors.
