Sat May 18 12:51:34 Saved as file BACKUP1.MAX
Sat May 18 12:51:34 Saved as file D:\DATE\GPR\HARDWARE\SECTIUNEA_LF\GPR_LF.MAX
Sat May 18 12:51:35 UserDiv from Layout.INI for AutoECO: 60
Sat May 18 12:51:35 Loaded file D:\DATE\GPR\HARDWARE\SECTIUNEA_LF\GPR_LF.MAX
Sat May 18 12:51:35 Loaded file C:\PROGRAM FILES\ORCAD\LAYOUT\library\BCON100T.llb
Sat May 18 12:51:35 Loaded file C:\PROGRAM FILES\ORCAD\LAYOUT\library\BCON156T.llb
Sat May 18 12:51:35 Loaded file C:\PROGRAM FILES\ORCAD\LAYOUT\library\BGA.llb
Sat May 18 12:51:35 Loaded file C:\PROGRAM FILES\ORCAD\LAYOUT\library\CLCC.llb
Sat May 18 12:51:35 Loaded file C:\PROGRAM FILES\ORCAD\LAYOUT\library\DCON050T.llb
Sat May 18 12:51:35 Loaded file C:\PROGRAM FILES\ORCAD\LAYOUT\library\DCON085T.llb
Sat May 18 12:51:35 Loaded file C:\PROGRAM FILES\ORCAD\LAYOUT\library\DIMM050F.llb
Sat May 18 12:51:35 Loaded file C:\PROGRAM FILES\ORCAD\LAYOUT\library\DIMM050T.llb
Sat May 18 12:51:35 Loaded file C:\PROGRAM FILES\ORCAD\LAYOUT\library\DIN.llb
Sat May 18 12:51:35 Loaded file C:\PROGRAM FILES\ORCAD\LAYOUT\library\DIP100B.llb
Sat May 18 12:51:35 Loaded file C:\PROGRAM FILES\ORCAD\LAYOUT\library\DIP100T.llb
Sat May 18 12:51:35 Loaded file C:\PROGRAM FILES\ORCAD\LAYOUT\library\DSUBT.llb
Sat May 18 12:51:35 Loaded file C:\PROGRAM FILES\ORCAD\LAYOUT\library\DSUBT_HD.LLB
Sat May 18 12:51:35 Loaded file C:\PROGRAM FILES\ORCAD\LAYOUT\library\ECON100T.llb
Sat May 18 12:51:35 Loaded file C:\PROGRAM FILES\ORCAD\LAYOUT\library\FBUS.llb
Sat May 18 12:51:35 Loaded file C:\PROGRAM FILES\ORCAD\LAYOUT\library\ISA.llb
Sat May 18 12:51:35 Loaded file C:\PROGRAM FILES\ORCAD\LAYOUT\library\JUMPER.LLB
Sat May 18 12:51:35 Loaded file C:\PROGRAM FILES\ORCAD\LAYOUT\library\LAYOUT.llb
Sat May 18 12:51:35 Loaded file C:\PROGRAM FILES\ORCAD\LAYOUT\library\LCON100T.llb
Sat May 18 12:51:35 Loaded file C:\PROGRAM FILES\ORCAD\LAYOUT\library\PC104.llb
Sat May 18 12:51:35 Loaded file C:\PROGRAM FILES\ORCAD\LAYOUT\library\PCI.llb
Sat May 18 12:51:35 Loaded file C:\PROGRAM FILES\ORCAD\LAYOUT\library\PCON100T.llb
Sat May 18 12:51:35 Loaded file C:\PROGRAM FILES\ORCAD\LAYOUT\library\PCON156T.llb
Sat May 18 12:51:35 Loaded file C:\PROGRAM FILES\ORCAD\LAYOUT\library\PGA.llb
Sat May 18 12:51:35 Loaded file C:\PROGRAM FILES\ORCAD\LAYOUT\library\PLCC.llb
Sat May 18 12:51:35 Loaded file C:\PROGRAM FILES\ORCAD\LAYOUT\library\QUAD.llb
Sat May 18 12:51:35 Loaded file C:\PROGRAM FILES\ORCAD\LAYOUT\library\QUADB.llb
Sat May 18 12:51:35 Loaded file C:\PROGRAM FILES\ORCAD\LAYOUT\library\RELAY.llb
Sat May 18 12:51:35 Loaded file C:\PROGRAM FILES\ORCAD\LAYOUT\library\RF.llb
Sat May 18 12:51:35 Loaded file C:\PROGRAM FILES\ORCAD\LAYOUT\library\SBUS.llb
Sat May 18 12:51:35 Loaded file C:\PROGRAM FILES\ORCAD\LAYOUT\library\SIMM050F.llb
Sat May 18 12:51:35 Loaded file C:\PROGRAM FILES\ORCAD\LAYOUT\library\SIMM050T.llb
Sat May 18 12:51:35 Loaded file C:\PROGRAM FILES\ORCAD\LAYOUT\library\SIMM100F.llb
Sat May 18 12:51:35 Loaded file C:\PROGRAM FILES\ORCAD\LAYOUT\library\SIMM100T.llb
Sat May 18 12:51:35 Loaded file C:\PROGRAM FILES\ORCAD\LAYOUT\library\SIP.llb
Sat May 18 12:51:35 Loaded file C:\PROGRAM FILES\ORCAD\LAYOUT\library\SM.llb
Sat May 18 12:51:35 Loaded file C:\PROGRAM FILES\ORCAD\LAYOUT\library\SOG.llb
Sat May 18 12:51:35 Loaded file C:\PROGRAM FILES\ORCAD\LAYOUT\library\SOJ.llb
Sat May 18 12:51:35 Loaded file C:\PROGRAM FILES\ORCAD\LAYOUT\library\STIFF.llb
Sat May 18 12:51:35 Loaded file C:\PROGRAM FILES\ORCAD\LAYOUT\library\TELE.llb
Sat May 18 12:51:35 Loaded file C:\PROGRAM FILES\ORCAD\LAYOUT\library\TM_AXIAL.llb
Sat May 18 12:51:35 Loaded file C:\PROGRAM FILES\ORCAD\LAYOUT\library\TM_CAP_P.llb
Sat May 18 12:51:35 Loaded file C:\PROGRAM FILES\ORCAD\LAYOUT\library\TM_CYLND.llb
Sat May 18 12:51:35 Loaded file C:\PROGRAM FILES\ORCAD\LAYOUT\library\TM_DIODE.llb
Sat May 18 12:51:35 Loaded file C:\PROGRAM FILES\ORCAD\LAYOUT\library\TM_DISC.llb
Sat May 18 12:51:35 Loaded file C:\PROGRAM FILES\ORCAD\LAYOUT\library\TM_RAD.llb
Sat May 18 12:51:35 Loaded file C:\PROGRAM FILES\ORCAD\LAYOUT\library\TO.llb
Sat May 18 12:51:35 Loaded file C:\PROGRAM FILES\ORCAD\LAYOUT\library\TRAINING.LLB
Sat May 18 12:51:35 Loaded file C:\PROGRAM FILES\ORCAD\LAYOUT\library\VRES.llb
Sat May 18 12:51:35 Loaded file C:\PROGRAM FILES\ORCAD\LAYOUT\library\WCON100T.llb
Sat May 18 12:51:35 Loaded file C:\PROGRAM FILES\ORCAD\LAYOUT\library\XT.llb
Sat May 18 12:51:35 Loaded file C:\PROGRAM FILES\ORCAD\LAYOUT\library\ZIGZAG.llb
Sat May 18 12:51:35 Saved as file D:\DATE\GPR\HARDWARE\SECTIUNEA_LF\GPR_LF.MAX
Sat May 18 12:51:36 Loaded file D:\DATE\GPR\HARDWARE\SECTIUNEA_LF\GPR_LF.MAX
Sat May 18 12:54:12 Saved as file D:\DATE\GPR\HARDWARE\SECTIUNEA_LF\GPR_LF.MAX
Sat May 18 12:54:28 Saved as file ~undo.max
Sat May 18 12:54:44 Saved as file ~undo.max
Sat May 18 12:54:58 Saved as file D:\DATE\GPR\HARDWARE\SECTIUNEA_LF\GPR_LF.MAX
Sat May 18 12:56:08 Saved as file D:\DATE\GPR\HARDWARE\SECTIUNEA_LF\GPR_LF.MAX
Sat May 18 12:56:51 Loaded file C:\Program Files\Orcad\Layout\data\template.imp
Sat May 18 12:56:51 Loaded file C:\Program Files\Orcad\Layout\data\template.imp
Sat May 18 12:56:54 Loaded file C:\Program Files\Orcad\Layout\library\BCON100T.llb
Sat May 18 12:56:55 Loaded file C:\Program Files\Orcad\Layout\library\BCON156T.llb
Sat May 18 12:56:56 Loaded file C:\Program Files\Orcad\Layout\library\BGA.llb
Sat May 18 12:56:58 Loaded file C:\Program Files\Orcad\Layout\library\CLCC.llb
Sat May 18 12:56:58 Loaded file C:\Program Files\Orcad\Layout\library\DCON050T.llb
Sat May 18 13:00:04 Saved as file D:\DATE\GPR\HARDWARE\SECTIUNEA_LF\KEYBOARD.MAX
Sat May 18 13:00:36 Loaded file C:\Program Files\Orcad\Layout\data\template.imp
Sat May 18 13:00:36 Loaded file C:\Program Files\Orcad\Layout\data\template.imp
Sat May 18 13:01:02 Loaded file C:\Program Files\Orcad\Layout\library\BCON100T.llb
Sat May 18 13:01:02 Loaded file C:\Program Files\Orcad\Layout\library\BCON156T.llb
Sat May 18 13:01:02 Loaded file C:\Program Files\Orcad\Layout\library\BGA.llb
Sat May 18 13:01:02 Loaded file C:\Program Files\Orcad\Layout\library\CLCC.llb
Sat May 18 13:01:02 Loaded file C:\Program Files\Orcad\Layout\library\DCON050T.llb
Sat May 18 13:01:02 Loaded file C:\Program Files\Orcad\Layout\library\DCON085T.llb
Sat May 18 13:01:02 Loaded file C:\Program Files\Orcad\Layout\library\DIMM050F.llb
Sat May 18 13:01:02 Loaded file C:\Program Files\Orcad\Layout\library\DIMM050T.llb
Sat May 18 13:01:02 Loaded file C:\Program Files\Orcad\Layout\library\DIN.llb
Sat May 18 13:01:02 Loaded file C:\Program Files\Orcad\Layout\library\DIP100B.llb
Sat May 18 13:01:02 Loaded file C:\Program Files\Orcad\Layout\library\DIP100T.llb
Sat May 18 13:01:02 Loaded file C:\Program Files\Orcad\Layout\library\DSUBT.llb
Sat May 18 13:01:02 Loaded file C:\Program Files\Orcad\Layout\library\DSUBT_HD.LLB
Sat May 18 13:01:02 Loaded file C:\Program Files\Orcad\Layout\library\ECON100T.llb
Sat May 18 13:01:02 Loaded file C:\Program Files\Orcad\Layout\library\FBUS.llb
Sat May 18 13:01:02 Loaded file C:\Program Files\Orcad\Layout\library\ISA.llb
Sat May 18 13:01:02 Loaded file C:\Program Files\Orcad\Layout\library\JUMPER.LLB
Sat May 18 13:01:02 Loaded file C:\Program Files\Orcad\Layout\library\LAYOUT.llb
Sat May 18 13:01:02 Loaded file C:\Program Files\Orcad\Layout\library\LCON100T.llb
Sat May 18 13:01:02 Loaded file C:\Program Files\Orcad\Layout\library\PC104.llb
Sat May 18 13:01:02 Loaded file C:\Program Files\Orcad\Layout\library\PCI.llb
Sat May 18 13:01:02 Loaded file C:\Program Files\Orcad\Layout\library\PCON100T.llb
Sat May 18 13:01:02 Loaded file C:\Program Files\Orcad\Layout\library\PCON156T.llb
Sat May 18 13:01:02 Loaded file C:\Program Files\Orcad\Layout\library\PGA.llb
Sat May 18 13:01:02 Loaded file C:\Program Files\Orcad\Layout\library\PLCC.llb
Sat May 18 13:01:02 Loaded file C:\Program Files\Orcad\Layout\library\QUAD.llb
Sat May 18 13:01:02 Loaded file C:\Program Files\Orcad\Layout\library\QUADB.llb
Sat May 18 13:01:02 Loaded file C:\Program Files\Orcad\Layout\library\RELAY.llb
Sat May 18 13:01:02 Loaded file C:\Program Files\Orcad\Layout\library\RF.llb
Sat May 18 13:01:02 Loaded file C:\Program Files\Orcad\Layout\library\SBUS.llb
Sat May 18 13:01:02 Loaded file C:\Program Files\Orcad\Layout\library\SIMM050F.llb
Sat May 18 13:01:02 Loaded file C:\Program Files\Orcad\Layout\library\SIMM050T.llb
Sat May 18 13:01:02 Loaded file C:\Program Files\Orcad\Layout\library\SIMM100F.llb
Sat May 18 13:01:02 Loaded file C:\Program Files\Orcad\Layout\library\SIMM100T.llb
Sat May 18 13:01:02 Loaded file C:\Program Files\Orcad\Layout\library\SIP.llb
Sat May 18 13:01:02 Loaded file C:\Program Files\Orcad\Layout\library\SM.llb
Sat May 18 13:01:02 Loaded file C:\Program Files\Orcad\Layout\library\SOG.llb
Sat May 18 13:01:02 Loaded file C:\Program Files\Orcad\Layout\library\SOJ.llb
Sat May 18 13:01:02 Loaded file C:\Program Files\Orcad\Layout\library\STIFF.llb
Sat May 18 13:01:02 Loaded file C:\Program Files\Orcad\Layout\library\TELE.llb
Sat May 18 13:01:02 Loaded file C:\Program Files\Orcad\Layout\library\TM_AXIAL.llb
Sat May 18 13:01:02 Loaded file C:\Program Files\Orcad\Layout\library\TM_CAP_P.llb
Sat May 18 13:01:02 Loaded file C:\Program Files\Orcad\Layout\library\TM_CYLND.llb
Sat May 18 13:01:02 Loaded file C:\Program Files\Orcad\Layout\library\TM_DIODE.llb
Sat May 18 13:01:02 Loaded file C:\Program Files\Orcad\Layout\library\TM_DISC.llb
Sat May 18 13:01:02 Loaded file C:\Program Files\Orcad\Layout\library\TM_RAD.llb
Sat May 18 13:01:02 Loaded file C:\Program Files\Orcad\Layout\library\TO.llb
Sat May 18 13:01:02 Loaded file C:\Program Files\Orcad\Layout\library\TRAINING.LLB
Sat May 18 13:01:02 Loaded file C:\Program Files\Orcad\Layout\library\VRES.llb
Sat May 18 13:01:02 Loaded file C:\Program Files\Orcad\Layout\library\WCON100T.llb
Sat May 18 13:01:02 Loaded file C:\Program Files\Orcad\Layout\library\XT.llb
Sat May 18 13:01:02 Loaded file C:\Program Files\Orcad\Layout\library\ZIGZAG.llb
Sat May 18 13:01:07 Loaded file C:\Program Files\Orcad\Layout\data\template.imp
Sat May 18 13:01:08 Loaded file C:\Program Files\Orcad\Layout\data\template.imp
Sat May 18 13:01:09 Loaded file C:\Program Files\Orcad\Layout\data\template.imp
Sat May 18 13:01:31 Saved as file ~undo.max
Sat May 18 13:02:08 Loaded file C:\Program Files\Orcad\Layout\data\template.imp
Sat May 18 13:02:08 Loaded file C:\Program Files\Orcad\Layout\data\template.imp
Sat May 18 13:02:15 Loaded file C:\Program Files\Orcad\Layout\data\template.imp
Sat May 18 13:03:22 Saved as file ~undo.max
Sat May 18 13:05:36 Saved as file ~undo.max
Sat May 18 13:06:03 Saved as file ~undo.max
Sat May 18 13:06:21 Saved as file ~undo.max
Sat May 18 13:08:41 Saved as file ~undo.max
Sat May 18 13:09:35 Saved as file ~undo.max
Sat May 18 13:09:53 Saved as file D:\DATE\GPR\HARDWARE\SECTIUNEA_LF\GPR_LF.MAX
Sat May 18 13:10:18 Saved as file ~undo.max
Sat May 18 13:10:55 Saved as file D:\DATE\GPR\HARDWARE\SECTIUNEA_LF\GPR_LF.MAX
Sat May 18 13:11:18 Saved as file D:\DATE\GPR\HARDWARE\SECTIUNEA_LF\GPR_LF.MAX
Sat May 18 13:20:39 Saved as file D:\DATE\GPR\HARDWARE\SECTIUNEA_LF\GPR_LF.MAX
Sat May 18 13:24:46 Saved as file ~undo.max
Sat May 18 13:25:01 Saved as file ~undo.max
Sat May 18 13:25:52 Saved as file ~undo.max
Sat May 18 13:26:34 Saved as file ~undo.max
Sat May 18 13:27:08 Saved as file ~undo.max
Sat May 18 13:27:30 Saved as file D:\DATE\GPR\HARDWARE\SECTIUNEA_LF\GPR_LF.MAX
Sat May 18 13:27:44 Saved as file D:\DATE\GPR\HARDWARE\SECTIUNEA_LF\GPR_LF.MAX
Sat May 18 13:27:45 Saved as file D:\DATE\GPR\HARDWARE\SECTIUNEA_LF\GPR_LF.MAX
Sat May 18 13:28:13 Saved as file D:\DATE\GPR\HARDWARE\SECTIUNEA_LF\GPR_LF.MAX
Sat May 18 15:29:07 Saved as file BACKUP1.MAX
Tue May 21 17:49:58 Saved as file ~undo.max
Tue May 21 17:50:22 Saved as file ~undo.max
Tue May 21 17:50:46 Saved as file BACKUP1.MAX
Tue May 21 17:50:55 Saved as file ~undo.max
Tue May 21 17:55:02 Saved as file ~undo.max
Tue May 21 17:57:27 Saved as file D:\DATE\GPR\HARDWARE\SECTIUNEA_LF\GPR_LF.MAX
Tue May 21 17:57:49 Saved as file D:\DATE\GPR\HARDWARE\SECTIUNEA_LF\GPR_LF.MAX
Tue May 21 17:57:58 Saved as file ~undo.max
Tue May 21 18:00:46 Saved as file BACKUP1.MAX
Tue May 21 18:00:48 Saved as file D:\DATE\GPR\HARDWARE\SECTIUNEA_LF\GPR_LF.MAX
Tue May 21 18:00:56 Saved as file ~undo.max
Tue May 21 18:01:14 Saved as file ~undo.max
Tue May 21 18:01:45 Saved as file D:\DATE\GPR\HARDWARE\SECTIUNEA_LF\GPR_LF.MAX
Tue May 21 18:10:46 Saved as file BACKUP1.MAX
Tue May 21 18:20:46 Saved as file BACKUP1.MAX
Tue May 21 18:25:21 Saved as file ~undo.max
Tue May 21 18:25:53 Saved as file D:\DATE\GPR\HARDWARE\SECTIUNEA_LF\GPR_LF.MAX
Tue May 21 18:25:54 Saved as file D:\DATE\GPR\HARDWARE\SECTIUNEA_LF\GPR_LF.MAX
Tue May 21 18:25:57 Saved as file ~undo.max
Tue May 21 18:28:44 Saved as file D:\DATE\GPR\HARDWARE\SECTIUNEA_LF\GPR_LF.MAX
Tue May 21 18:29:33 Saved as file ~undo.max
Tue May 21 18:39:25 Saved as file BACKUP1.MAX
Tue May 21 18:46:21 Saved as file D:\DATE\GPR\HARDWARE\SECTIUNEA_LF\GPR_LF.MAX
Tue May 21 19:27:04 Saved as file ~undo.max
Tue May 21 19:27:24 Saved as file ~undo.max
Tue May 21 19:28:03 Saved as file ~undo.max
Tue May 21 19:37:13 Saved as file ~undo.max
Tue May 21 19:40:34 Saved as file ~undo.max
Tue May 21 19:40:38 Saved as file D:\DATE\GPR\HARDWARE\SECTIUNEA_LF\KEYBOARD.MAX
Tue May 21 19:45:19 Saved as file ~undo.max
Tue May 21 19:51:02 Saved as file BACKUP1.MAX
Tue May 21 19:53:08 Saved as file ~undo.max
Tue May 21 19:55:46 Saved as file ~undo.max
Tue May 21 20:06:20 Saved as file D:\DATE\GPR\HARDWARE\SECTIUNEA_LF\GPR_LF.MAX
Sat Jul 06 09:40:21 Saved as file BACKUP1.MAX
Sat Jul 06 09:50:51 Saved as file BACKUP1.MAX
Sat Jul 06 10:00:51 Saved as file BACKUP1.MAX
Sat Jul 06 10:11:21 Saved as file BACKUP1.MAX
Sat Jul 06 10:21:51 Saved as file BACKUP1.MAX
Sat Jul 06 10:32:21 Saved as file BACKUP1.MAX
Sat Jul 06 10:42:51 Saved as file BACKUP1.MAX
Sat Jul 06 10:53:21 Saved as file BACKUP1.MAX
Sat Jul 06 11:03:51 Saved as file BACKUP1.MAX
Tue Jul 09 12:04:37 Saved as file BACKUP1.MAX
Tue Jul 09 12:14:37 Saved as file BACKUP1.MAX
Tue Jul 09 12:24:37 Saved as file BACKUP1.MAX
Sat Oct 26 11:13:44 Saved as file ~undo.max
Sat Oct 26 11:18:19 Saved as file ~undo.max
Sat Oct 26 11:19:46 Saved as file ~undo.max
Sat Oct 26 11:22:22 Saved as file ~undo.max
Sat Oct 26 11:23:01 Saved as file ~undo.max
Sat Oct 26 11:23:36 Saved as file ~undo.max
Sat Oct 26 11:24:30 Saved as file BACKUP1.MAX
Sat Oct 26 11:25:35 Saved as file ~undo.max
Sat Oct 26 11:26:07 Saved as file ~undo.max
Sat Oct 26 11:26:28 Saved as file ~undo.max
Sat Oct 26 11:30:22 Saved as file ~undo.max
Sat Oct 26 11:30:26 Saved as file D:\DATE\GPR\HARDWARE\SECTIUNEA_LF\GPR_LF.MAX
Sat Oct 26 11:30:28 Saved as file D:\DATE\GPR\HARDWARE\SECTIUNEA_LF\GPR_LF.MAX
Sat Oct 26 11:33:21 Saved as file D:\DATE\GPR\HARDWARE\SECTIUNEA_LF\GPR_LF.MAX
Sat Oct 26 11:33:36 Saved as file D:\DATE\GPR\HARDWARE\SECTIUNEA_LF\GPR_LF.MAX
Sat Oct 26 11:36:38 Saved as file D:\DATE\GPR\HARDWARE\SECTIUNEA_LF\GPR_LF.MAX
Sat Oct 26 11:37:18 Saved as file D:\DATE\GPR\HARDWARE\SECTIUNEA_LF\GPR_LF.MAX
Sat Oct 26 11:38:26 Saved as file ~undo.max
Sat Oct 26 11:38:52 Saved as file ~undo.max
Sat Oct 26 11:41:24 Saved as file D:\DATE\GPR\HARDWARE\SECTIUNEA_LF\GPR_LF.MAX
Sat Oct 26 12:25:07 Saved as file D:\DATE\GPR\HARDWARE\SECTIUNEA_LF\KEYBOARD.MAX
Sat Oct 26 12:25:22 Saved as file D:\DATE\GPR\HARDWARE\SECTIUNEA_LF\KEYBOARD.MAX
Sat Oct 26 18:35:53 Saved as file ~undo.max
Sat Nov 02 18:30:18 Saved as file ~undo.max
Sat Nov 02 18:30:25 Saved as file D:\DATE\GPR\HARDWARE\SECTIUNEA_LF\GPR_LF.MAX
Sat Nov 02 18:32:14 Saved as file D:\DATE\GPR\HARDWARE\SECTIUNEA_LF\GPR_LF.MAX
Sat Nov 02 18:32:48 Saved as file ~undo.max
Sat Nov 02 18:32:51 Saved as file ~undo.max
Sat Nov 02 18:36:57 Saved as file ~undo.max
Sat Nov 02 18:40:17 Saved as file ~undo.max
Sat Nov 02 18:40:25 Saved as file D:\DATE\GPR\HARDWARE\SECTIUNEA_LF\GPR_LF.MAX
Sat Nov 02 18:40:27 Saved as file D:\DATE\GPR\HARDWARE\SECTIUNEA_LF\GPR_LF.MAX
Sat Nov 02 18:41:00 Saved as file D:\DATE\GPR\HARDWARE\SECTIUNEA_LF\GPR_LF.MAX
Sat Nov 02 18:41:36 Saved as file ~undo.max
Sat Nov 02 18:41:41 Saved as file ~undo.max
