Post Processor Report
OrCAD FILE: D:\DATE\GPR\HARDWARE\SECTIUNEA_RF\GPR_RF.MAX
Sat May 18 13:46:11 2024

*********************************************************

Output file: D:\DATE\GPR\HARDWARE\SECTIUNEA_RF\GPR_RF.TOP

Aperture totals for D:\DATE\GPR\HARDWARE\SECTIUNEA_RF\GPR_RF.TOP:
---------------------------------------------------------
D13:  0.0220 SQUARE --       0 Draws,       4 Flashes
D14:  0.0500 SQUARE --       0 Draws,       4 Flashes
D17:  0.1000 x 0.0650 RECTANGLE -----      26 Flashes
D18:  0.0600 SQUARE --       0 Draws,       2 Flashes
D19:  0.0370 x 0.0200 RECTANGLE -----       6 Flashes
D20:  0.0370 x 0.0310 RECTANGLE -----       2 Flashes
D21:  0.0310 x 0.0660 RECTANGLE -----       8 Flashes
D22:  0.0100 ROUND  --     915 Draws,       0 Flashes
D23:  0.0080 ROUND  --    1837 Draws,       0 Flashes
D24:  0.0010 ROUND  --     175 Draws,       0 Flashes
D25:  0.0650 ROUND  --       1 Draws,       0 Flashes
D26:  0.0220 ROUND  --      11 Draws,       0 Flashes
D27:  0.0440 ROUND  --       8 Draws,       0 Flashes
D28:  0.0350 ROUND  --      12 Draws,       0 Flashes
D29:  0.0260 ROUND  --       1 Draws,       0 Flashes
D30:  0.0600 ROUND  --      36 Draws,       0 Flashes
D31:  0.0120 ROUND  --       3 Draws,       0 Flashes
D32:  0.0780 ROUND  --       0 Draws,      14 Flashes
D33:  0.0780 SQUARE --       0 Draws,       1 Flashes
D38:  0.0780 x 0.0600 RECTANGLE -----       2 Flashes
D40:  0.1100 ROUND  --       0 Draws,       4 Flashes
D44:  0.0500 ROUND  --       0 Draws,       5 Flashes
---------------------------------------------------------
 22 D-Codes      -----    2999 Draws,      78 Flashes

*********************************************************

Output file: D:\DATE\GPR\HARDWARE\SECTIUNEA_RF\GPR_RF.BOT

Aperture totals for D:\DATE\GPR\HARDWARE\SECTIUNEA_RF\GPR_RF.BOT:
---------------------------------------------------------
D22:  0.0100 ROUND  --     143 Draws,       0 Flashes
D24:  0.0010 ROUND  --    2352 Draws,       0 Flashes
D32:  0.0780 ROUND  --       0 Draws,      14 Flashes
D33:  0.0780 SQUARE --       0 Draws,       1 Flashes
D39:  0.0400 ROUND  --     271 Draws,       0 Flashes
D41:  0.1000 ROUND  --       0 Draws,       4 Flashes
D44:  0.0500 ROUND  --       0 Draws,       5 Flashes
---------------------------------------------------------
  7 D-Codes      -----    2766 Draws,      24 Flashes

*********************************************************

Output file: D:\DATE\GPR\HARDWARE\SECTIUNEA_RF\GPR_RF.GND

Aperture totals for D:\DATE\GPR\HARDWARE\SECTIUNEA_RF\GPR_RF.GND:
---------------------------------------------------------
D12:  0.0750 ROUND  --       0 Draws,       9 Flashes
D34:  0.0950 ROUND  --       0 Draws,      10 Flashes
D35:  0.0750 SQUARE --       0 Draws,       1 Flashes
D39:  0.0400 ROUND  --       4 Draws,       0 Flashes
D42:  0.1400 ROUND  --       0 Draws,       4 Flashes
---------------------------------------------------------
  5 D-Codes      -----       4 Draws,      24 Flashes

*********************************************************

Output file: D:\DATE\GPR\HARDWARE\SECTIUNEA_RF\GPR_RF.PWR

Aperture totals for D:\DATE\GPR\HARDWARE\SECTIUNEA_RF\GPR_RF.PWR:
---------------------------------------------------------
D12:  0.0750 ROUND  --       0 Draws,       9 Flashes
D34:  0.0950 ROUND  --       0 Draws,      10 Flashes
D35:  0.0750 SQUARE --       0 Draws,       1 Flashes
D39:  0.0400 ROUND  --       4 Draws,       0 Flashes
D42:  0.1400 ROUND  --       0 Draws,       4 Flashes
---------------------------------------------------------
  5 D-Codes      -----       4 Draws,      24 Flashes

*********************************************************

Output file: D:\DATE\GPR\HARDWARE\SECTIUNEA_RF\GPR_RF.SMT

Aperture totals for D:\DATE\GPR\HARDWARE\SECTIUNEA_RF\GPR_RF.SMT:
---------------------------------------------------------
D12:  0.0750 ROUND  --       0 Draws,      10 Flashes
D13:  0.0220 SQUARE --       0 Draws,       4 Flashes
D14:  0.0500 SQUARE --       0 Draws,       4 Flashes
D15:  0.0550 ROUND  --       0 Draws,       9 Flashes
D16:  0.0550 SQUARE --       0 Draws,       1 Flashes
D17:  0.1000 x 0.0650 RECTANGLE -----      26 Flashes
D18:  0.0600 SQUARE --       0 Draws,       4 Flashes
D19:  0.0370 x 0.0200 RECTANGLE -----       8 Flashes
D21:  0.0310 x 0.0660 RECTANGLE -----       8 Flashes
D43:  0.1050 ROUND  --       0 Draws,       4 Flashes
---------------------------------------------------------
 10 D-Codes      -----       0 Draws,      78 Flashes

*********************************************************

Output file: D:\DATE\GPR\HARDWARE\SECTIUNEA_RF\GPR_RF.SMB

Aperture totals for D:\DATE\GPR\HARDWARE\SECTIUNEA_RF\GPR_RF.SMB:
---------------------------------------------------------
D12:  0.0750 ROUND  --       0 Draws,      10 Flashes
D15:  0.0550 ROUND  --       0 Draws,       9 Flashes
D16:  0.0550 SQUARE --       0 Draws,       1 Flashes
D43:  0.1050 ROUND  --       0 Draws,       4 Flashes
---------------------------------------------------------
  4 D-Codes      -----       0 Draws,      24 Flashes

*********************************************************

Output file: D:\DATE\GPR\HARDWARE\SECTIUNEA_RF\GPR_RF.SST

Aperture totals for D:\DATE\GPR\HARDWARE\SECTIUNEA_RF\GPR_RF.SST:
---------------------------------------------------------
D22:  0.0100 ROUND  --      52 Draws,       0 Flashes
D23:  0.0080 ROUND  --     205 Draws,       0 Flashes
D36:  0.0060 ROUND  --      64 Draws,       0 Flashes
D37:  0.0040 ROUND  --      10 Draws,       0 Flashes
---------------------------------------------------------
  4 D-Codes      -----     331 Draws,       0 Flashes

*********************************************************

Output file: D:\DATE\GPR\HARDWARE\SECTIUNEA_RF\GPR_RF.AST

Aperture totals for D:\DATE\GPR\HARDWARE\SECTIUNEA_RF\GPR_RF.AST:
---------------------------------------------------------
D12:  0.0750 ROUND  --       0 Draws,      10 Flashes
D13:  0.0220 SQUARE --       0 Draws,       4 Flashes
D14:  0.0500 SQUARE --       0 Draws,       4 Flashes
D15:  0.0550 ROUND  --       0 Draws,       4 Flashes
D16:  0.0550 SQUARE --       0 Draws,       1 Flashes
D17:  0.1000 x 0.0650 RECTANGLE -----      26 Flashes
D18:  0.0600 SQUARE --       0 Draws,       4 Flashes
D19:  0.0370 x 0.0200 RECTANGLE -----       8 Flashes
D21:  0.0310 x 0.0660 RECTANGLE -----       8 Flashes
D22:  0.0100 ROUND  --     295 Draws,       0 Flashes
D23:  0.0080 ROUND  --     156 Draws,       0 Flashes
D36:  0.0060 ROUND  --     104 Draws,       0 Flashes
D39:  0.0400 ROUND  --       4 Draws,       0 Flashes
---------------------------------------------------------
 13 D-Codes      -----     559 Draws,      69 Flashes

*********************************************************

Output file: D:\DATE\GPR\HARDWARE\SECTIUNEA_RF\GPR_RF.DRD

Aperture totals for D:\DATE\GPR\HARDWARE\SECTIUNEA_RF\GPR_RF.DRD:
---------------------------------------------------------
D22:  0.0100 ROUND  --     470 Draws,       0 Flashes
D39:  0.0400 ROUND  --       4 Draws,       0 Flashes
---------------------------------------------------------
  2 D-Codes      -----     474 Draws,       0 Flashes


*********************************************************

Aperture totals for entire project:
---------------------------------------------------------
D12:  0.0750 ROUND  --       0 Draws,      48 Flashes
D13:  0.0220 SQUARE --       0 Draws,      12 Flashes
D14:  0.0500 SQUARE --       0 Draws,      12 Flashes
D15:  0.0550 ROUND  --       0 Draws,      22 Flashes
D16:  0.0550 SQUARE --       0 Draws,       3 Flashes
D17:  0.1000 x 0.0650 RECTANGLE -----      78 Flashes
D18:  0.0600 SQUARE --       0 Draws,      10 Flashes
D19:  0.0370 x 0.0200 RECTANGLE -----      22 Flashes
D20:  0.0370 x 0.0310 RECTANGLE -----       2 Flashes
D21:  0.0310 x 0.0660 RECTANGLE -----      24 Flashes
D22:  0.0100 ROUND  --    1875 Draws,       0 Flashes
D23:  0.0080 ROUND  --    2198 Draws,       0 Flashes
D24:  0.0010 ROUND  --    2527 Draws,       0 Flashes
D25:  0.0650 ROUND  --       1 Draws,       0 Flashes
D26:  0.0220 ROUND  --      11 Draws,       0 Flashes
D27:  0.0440 ROUND  --       8 Draws,       0 Flashes
D28:  0.0350 ROUND  --      12 Draws,       0 Flashes
D29:  0.0260 ROUND  --       1 Draws,       0 Flashes
D30:  0.0600 ROUND  --      36 Draws,       0 Flashes
D31:  0.0120 ROUND  --       3 Draws,       0 Flashes
D32:  0.0780 ROUND  --       0 Draws,      28 Flashes
D33:  0.0780 SQUARE --       0 Draws,       2 Flashes
D34:  0.0950 ROUND  --       0 Draws,      20 Flashes
D35:  0.0750 SQUARE --       0 Draws,       2 Flashes
D36:  0.0060 ROUND  --     168 Draws,       0 Flashes
D37:  0.0040 ROUND  --      10 Draws,       0 Flashes
D38:  0.0780 x 0.0600 RECTANGLE -----       2 Flashes
D39:  0.0400 ROUND  --     287 Draws,       0 Flashes
D40:  0.1100 ROUND  --       0 Draws,       4 Flashes
D41:  0.1000 ROUND  --       0 Draws,       4 Flashes
D42:  0.1400 ROUND  --       0 Draws,       8 Flashes
D43:  0.1050 ROUND  --       0 Draws,       8 Flashes
D44:  0.0500 ROUND  --       0 Draws,      10 Flashes
---------------------------------------------------------
 33 D-Codes      -----    7137 Draws,     321 Flashes


No warnings or errors.
