Wed May 13 17:56:19 Saved as file ~undo.max
Wed May 13 18:07:55 Saved as file ~undo.max
Wed May 13 18:08:11 Saved as file ~undo.max
Wed May 13 18:08:16 Saved as file ~undo.max
Wed May 13 18:09:45 Saved as file ~undo.max
Wed May 13 18:10:35 Saved as file ~undo.max
Wed May 13 18:17:53 Saved as file BACKUP1.MAX
Wed May 13 18:23:49 Saved as file C:\USERS\MIREL\DESKTOP\GPR\HARDWARE\SECTIUNEA_RF\CABLAJ_CNC.MAX
Wed May 13 18:29:53 Saved as file ~undo.max
Wed May 13 18:32:36 Saved as file C:\USERS\MIREL\DESKTOP\GPR\HARDWARE\SECTIUNEA_RF\CABLAJ_CNC.MAX
Wed May 13 18:43:23 Saved as file C:\USERS\MIREL\DESKTOP\GPR\HARDWARE\SECTIUNEA_RF\CABLAJ.MAX
Wed May 13 18:45:40 Saved as file ~undo.max
Wed May 13 18:46:30 Saved as file C:\USERS\MIREL\DESKTOP\GPR\HARDWARE\SECTIUNEA_RF\CABLAJ_CNC.MAX
Thu May 14 15:10:23 Saved as file ~undo.max
Thu May 14 15:10:48 Saved as file ~undo.max
Thu May 14 15:10:50 Saved as file C:\USERS\MIREL\DESKTOP\GPR\HARDWARE\SECTIUNEA_RF\CABLAJ.MAX
Thu May 14 15:11:43 Saved as file ~undo.max
Thu May 14 15:12:20 Saved as file ~undo.max
Thu May 14 15:12:38 Saved as file ~undo.max
Thu May 14 15:12:48 Saved as file ~undo.max
Thu May 14 15:14:37 Saved as file C:\USERS\MIREL\DESKTOP\GPR\HARDWARE\SECTIUNEA_RF\CABLAJ.MAX
Thu May 14 15:15:08 Saved as file C:\USERS\MIREL\DESKTOP\GPR\HARDWARE\SECTIUNEA_RF\CABLAJ.MAX
Thu May 14 15:25:45 Saved as file ~undo.max
Thu May 14 17:07:56 Saved as file ~undo.max
Thu May 14 17:11:00 Saved as file ~undo.max
Thu May 14 17:11:04 Saved as file ~undo.max
Thu May 14 17:12:25 Saved as file ~undo.max
Thu May 14 17:13:47 Saved as file BACKUP1.MAX
Thu May 14 17:18:16 Saved as file C:\USERS\MIREL\DESKTOP\GPR\HARDWARE\SECTIUNEA_RF\GPR_RF_CNC.MAX
Thu May 14 17:24:07 Saved as file ~undo.max
Thu May 14 17:25:14 Saved as file C:\USERS\MIREL\DESKTOP\GPR\HARDWARE\SECTIUNEA_RF\GPR_RF_CNC.MAX
Thu May 14 17:25:47 Saved as file BACKUP1.MAX
Thu May 14 17:26:11 Saved as file C:\USERS\MIREL\DESKTOP\GPR\HARDWARE\SECTIUNEA_RF\GPR_RF_CNC.MAX
Thu May 14 17:39:20 Saved as file BACKUP1.MAX
Thu May 14 17:40:47 Saved as file ~undo.max
Thu May 14 17:41:21 Saved as file ~undo.max
Thu May 14 17:45:24 Saved as file ~undo.max
Thu May 14 17:48:02 Saved as file ~undo.max
Thu May 14 17:48:37 Saved as file ~undo.max
Thu May 14 17:49:23 Saved as file C:\USERS\MIREL\DESKTOP\GPR\HARDWARE\SECTIUNEA_RF\GPR_RF.MAX
Thu May 14 17:51:01 Saved as file ~undo.max
Thu May 14 17:52:11 Saved as file ~undo.max
Thu May 14 17:52:48 Saved as file ~undo.max
Thu May 14 17:53:00 Saved as file C:\USERS\MIREL\DESKTOP\GPR\HARDWARE\SECTIUNEA_RF\GPR_RF_CNC.MAX
Thu May 14 17:53:17 Saved as file C:\USERS\MIREL\DESKTOP\GPR\HARDWARE\SECTIUNEA_RF\GPR_RF_CNC.MAX
Thu May 14 17:54:35 Saved as file ~undo.max
Thu May 14 17:55:34 Saved as file C:\USERS\MIREL\DESKTOP\GPR\HARDWARE\SECTIUNEA_RF\GPR_RF.MAX
Thu May 14 17:57:40 Saved as file C:\USERS\MIREL\DESKTOP\GPR\HARDWARE\SECTIUNEA_RF\GPR_RF.MAX
Thu May 14 17:57:47 Saved as file C:\USERS\MIREL\DESKTOP\GPR\HARDWARE\SECTIUNEA_RF\GPR_RF.MAX
Thu May 14 18:07:45 Saved as file ~undo.max
Thu May 14 18:10:28 Saved as file ~undo.max
Thu May 14 18:14:13 Saved as file C:\USERS\MIREL\DESKTOP\GPR\HARDWARE\SECTIUNEA_RF\GPR_RF.MAX
Thu May 14 18:14:32 Saved as file C:\USERS\MIREL\DESKTOP\GPR\HARDWARE\SECTIUNEA_RF\GPR_RF.MAX
Thu May 14 18:15:03 Saved as file C:\USERS\MIREL\DESKTOP\GPR\HARDWARE\SECTIUNEA_RF\GPR_RF.MAX
Thu May 14 18:21:09 Saved as file ~undo.max
Thu May 14 18:21:18 Saved as file C:\USERS\MIREL\DESKTOP\GPR\HARDWARE\SECTIUNEA_RF\GPR_RF.MAX
Thu May 14 18:21:31 Saved as file C:\USERS\MIREL\DESKTOP\GPR\HARDWARE\SECTIUNEA_RF\GPR_RF.MAX
Thu May 14 18:28:48 Saved as file C:\USERS\MIREL\DESKTOP\GPR\HARDWARE\SECTIUNEA_RF\GPR_RF.MAX
Mon Jun 01 15:28:09 Saved as file ~undo.max
Mon Jun 01 15:28:42 Saved as file ~undo.max
Mon Jun 01 15:29:49 Saved as file ~undo.max
Mon Jun 01 15:30:00 Saved as file ~undo.max
Mon Jun 01 15:30:06 Saved as file ~undo.max
Mon Jun 01 15:30:17 Saved as file ~undo.max
Mon Jun 01 15:30:26 Saved as file ~undo.max
Mon Jun 01 15:30:42 Saved as file ~undo.max
Mon Jun 01 15:30:54 Saved as file ~undo.max
Mon Jun 01 15:31:41 Saved as file C:\USERS\MIREL\DESKTOP\GPR\HARDWARE\SECTIUNEA_RF\GPR_RF_CNC.MAX
Mon Jun 01 15:38:24 Saved as file BACKUP1.MAX
Mon Jun 01 15:48:24 Saved as file BACKUP1.MAX
Mon Jun 01 15:50:11 Saved as file C:\USERS\MIREL\DESKTOP\GPR\HARDWARE\SECTIUNEA_RF\GPR_RF_CNC.MAX
Thu Jun 04 18:12:30 Saved as file ~undo.max
Thu Jun 04 18:22:43 Saved as file BACKUP1.MAX
Thu Jun 04 18:32:43 Saved as file BACKUP1.MAX
Thu Jun 04 18:43:13 Saved as file BACKUP1.MAX
Thu Jun 04 18:53:13 Saved as file BACKUP1.MAX
Thu Jun 04 19:03:43 Saved as file BACKUP1.MAX
Thu Jun 04 19:14:13 Saved as file BACKUP1.MAX
Thu Jun 04 19:24:43 Saved as file BACKUP1.MAX
Thu Jun 04 19:35:13 Saved as file BACKUP1.MAX
Thu Jun 04 19:45:13 Saved as file BACKUP1.MAX
Thu Jun 04 19:55:13 Saved as file BACKUP1.MAX
Thu Jun 04 20:05:43 Saved as file BACKUP1.MAX
Thu Jun 04 20:16:13 Saved as file BACKUP1.MAX
Thu Jun 04 20:26:43 Saved as file BACKUP1.MAX
Sat Jun 06 18:44:06 Saved as file ~undo.max
Sat Jun 06 18:44:14 Saved as file ~undo.max
Sat Jun 06 18:44:51 Saved as file C:\USERS\MIREL\DESKTOP\GPR\HARDWARE\SECTIUNEA_RF\GPR_RF_CNC.MAX
Sun Jun 07 17:26:47 Saved as file ~undo.max
Sun Jun 07 17:37:51 Saved as file BACKUP1.MAX
Sun Jun 07 17:40:47 Saved as file ~undo.max
Sun Jun 07 17:41:56 Saved as file ~undo.max
Sun Jun 07 17:42:23 Saved as file ~undo.max
Sun Jun 07 17:42:45 Saved as file ~undo.max
Sun Jun 07 17:43:34 Saved as file ~undo.max
Sun Jun 07 17:44:20 Saved as file ~undo.max
Sun Jun 07 17:55:31 Saved as file BACKUP1.MAX
Sun Jun 07 17:57:44 Saved as file ~undo.max
Sun Jun 07 17:58:02 Saved as file ~undo.max
Sun Jun 07 17:59:41 Saved as file ~undo.max
Sun Jun 07 18:01:14 Saved as file ~undo.max
Sun Jun 07 18:07:01 Saved as file BACKUP1.MAX
Sun Jun 07 18:08:26 Saved as file ~undo.max
Sun Jun 07 18:09:22 Saved as file ~undo.max
Sun Jun 07 18:14:41 Saved as file ~undo.max
Sun Jun 07 18:16:14 Saved as file ~undo.max
Sun Jun 07 18:19:01 Saved as file BACKUP1.MAX
Sun Jun 07 18:28:24 Saved as file C:\USERS\MIREL\DESKTOP\GPR\HARDWARE\SECTIUNEA_RF\GPR_RF.MAX
Sun Jun 07 18:29:07 Loaded file C:\Program Files\Orcad\Layout\data\template.imp
Sun Jun 07 18:29:07 Loaded file C:\Program Files\Orcad\Layout\data\template.imp
Sun Jun 07 18:29:09 Loaded file C:\Program Files\Orcad\Layout\library\BCON100T.llb
Sun Jun 07 18:29:11 Loaded file C:\Program Files\Orcad\Layout\data\template.imp
Sun Jun 07 18:29:12 Loaded file C:\Program Files\Orcad\Layout\data\template.imp
Sun Jun 07 18:29:13 Loaded file C:\Program Files\Orcad\Layout\data\template.imp
Sun Jun 07 18:29:13 Loaded file C:\Program Files\Orcad\Layout\data\template.imp
Sun Jun 07 18:29:13 Loaded file C:\Program Files\Orcad\Layout\data\template.imp
Sun Jun 07 18:29:13 Loaded file C:\Program Files\Orcad\Layout\data\template.imp
Sun Jun 07 18:29:13 Loaded file C:\Program Files\Orcad\Layout\data\template.imp
Sun Jun 07 18:29:13 Loaded file C:\Program Files\Orcad\Layout\data\template.imp
Sun Jun 07 18:29:13 Loaded file C:\Program Files\Orcad\Layout\data\template.imp
Sun Jun 07 18:29:13 Loaded file C:\Program Files\Orcad\Layout\data\template.imp
Sun Jun 07 18:29:13 Loaded file C:\Program Files\Orcad\Layout\data\template.imp
Sun Jun 07 18:29:13 Loaded file C:\Program Files\Orcad\Layout\data\template.imp
Sun Jun 07 18:29:13 Loaded file C:\Program Files\Orcad\Layout\data\template.imp
Sun Jun 07 18:29:13 Loaded file C:\Program Files\Orcad\Layout\data\template.imp
Sun Jun 07 18:29:13 Loaded file C:\Program Files\Orcad\Layout\data\template.imp
Sun Jun 07 18:29:13 Loaded file C:\Program Files\Orcad\Layout\data\template.imp
Sun Jun 07 18:29:13 Loaded file C:\Program Files\Orcad\Layout\data\template.imp
Sun Jun 07 18:29:13 Loaded file C:\Program Files\Orcad\Layout\data\template.imp
Sun Jun 07 18:29:13 Loaded file C:\Program Files\Orcad\Layout\data\template.imp
Sun Jun 07 18:29:14 Loaded file C:\Program Files\Orcad\Layout\data\template.imp
Sun Jun 07 18:29:14 Loaded file C:\Program Files\Orcad\Layout\data\template.imp
Sun Jun 07 18:29:14 Loaded file C:\Program Files\Orcad\Layout\data\template.imp
Sun Jun 07 18:29:14 Loaded file C:\Program Files\Orcad\Layout\data\template.imp
Sun Jun 07 18:29:14 Loaded file C:\Program Files\Orcad\Layout\data\template.imp
Sun Jun 07 18:29:14 Loaded file C:\Program Files\Orcad\Layout\data\template.imp
Sun Jun 07 18:29:14 Loaded file C:\Program Files\Orcad\Layout\data\template.imp
Sun Jun 07 18:29:14 Loaded file C:\Program Files\Orcad\Layout\data\template.imp
Sun Jun 07 18:29:14 Loaded file C:\Program Files\Orcad\Layout\data\template.imp
Sun Jun 07 18:29:14 Loaded file C:\Program Files\Orcad\Layout\data\template.imp
Sun Jun 07 18:29:14 Loaded file C:\Program Files\Orcad\Layout\data\template.imp
Sun Jun 07 18:29:14 Loaded file C:\Program Files\Orcad\Layout\data\template.imp
Sun Jun 07 18:29:14 Loaded file C:\Program Files\Orcad\Layout\data\template.imp
Sun Jun 07 18:29:14 Loaded file C:\Program Files\Orcad\Layout\data\template.imp
Sun Jun 07 18:29:14 Loaded file C:\Program Files\Orcad\Layout\data\template.imp
Sun Jun 07 18:29:15 Loaded file C:\Program Files\Orcad\Layout\data\template.imp
Sun Jun 07 18:29:15 Loaded file C:\Program Files\Orcad\Layout\data\template.imp
Sun Jun 07 18:29:15 Loaded file C:\Program Files\Orcad\Layout\data\template.imp
Sun Jun 07 18:29:15 Loaded file C:\Program Files\Orcad\Layout\data\template.imp
Sun Jun 07 18:29:16 Loaded file C:\Program Files\Orcad\Layout\data\template.imp
Sun Jun 07 18:29:17 Loaded file C:\Program Files\Orcad\Layout\data\template.imp
Sun Jun 07 18:29:17 Loaded file C:\Program Files\Orcad\Layout\data\template.imp
Sun Jun 07 18:29:17 Loaded file C:\Program Files\Orcad\Layout\data\template.imp
Sun Jun 07 18:29:17 Loaded file C:\Program Files\Orcad\Layout\data\template.imp
Sun Jun 07 18:29:17 Loaded file C:\Program Files\Orcad\Layout\data\template.imp
Sun Jun 07 18:29:17 Loaded file C:\Program Files\Orcad\Layout\data\template.imp
Sun Jun 07 18:29:17 Loaded file C:\Program Files\Orcad\Layout\data\template.imp
Sun Jun 07 18:29:18 Loaded file C:\Program Files\Orcad\Layout\data\template.imp
Sun Jun 07 18:29:18 Loaded file C:\Program Files\Orcad\Layout\data\template.imp
Sun Jun 07 18:29:18 Loaded file C:\Program Files\Orcad\Layout\data\template.imp
Sun Jun 07 18:29:18 Loaded file C:\Program Files\Orcad\Layout\data\template.imp
Sun Jun 07 18:29:18 Loaded file C:\Program Files\Orcad\Layout\data\template.imp
Sun Jun 07 18:29:19 Loaded file C:\Program Files\Orcad\Layout\data\template.imp
Sun Jun 07 18:29:19 Loaded file C:\Program Files\Orcad\Layout\data\template.imp
Sun Jun 07 18:29:20 Loaded file C:\Program Files\Orcad\Layout\data\template.imp
Sun Jun 07 18:29:20 Loaded file C:\Program Files\Orcad\Layout\data\template.imp
Sun Jun 07 18:29:21 Loaded file C:\Program Files\Orcad\Layout\data\template.imp
Sun Jun 07 18:29:21 Loaded file C:\Program Files\Orcad\Layout\data\template.imp
Sun Jun 07 18:29:21 Loaded file C:\Program Files\Orcad\Layout\data\template.imp
Sun Jun 07 18:29:21 Loaded file C:\Program Files\Orcad\Layout\data\template.imp
Sun Jun 07 18:29:21 Loaded file C:\Program Files\Orcad\Layout\data\template.imp
Sun Jun 07 18:29:21 Loaded file C:\Program Files\Orcad\Layout\data\template.imp
Sun Jun 07 18:29:21 Loaded file C:\Program Files\Orcad\Layout\data\template.imp
Sun Jun 07 18:29:21 Loaded file C:\Program Files\Orcad\Layout\data\template.imp
Sun Jun 07 18:29:22 Loaded file C:\Program Files\Orcad\Layout\data\template.imp
Sun Jun 07 18:29:22 Loaded file C:\Program Files\Orcad\Layout\data\template.imp
Sun Jun 07 18:29:22 Loaded file C:\Program Files\Orcad\Layout\data\template.imp
Sun Jun 07 18:29:22 Loaded file C:\Program Files\Orcad\Layout\data\template.imp
Sun Jun 07 18:29:22 Loaded file C:\Program Files\Orcad\Layout\data\template.imp
Sun Jun 07 18:29:22 Loaded file C:\Program Files\Orcad\Layout\data\template.imp
Sun Jun 07 18:29:22 Loaded file C:\Program Files\Orcad\Layout\data\template.imp
Sun Jun 07 18:29:22 Loaded file C:\Program Files\Orcad\Layout\data\template.imp
Sun Jun 07 18:29:24 Loaded file C:\Program Files\Orcad\Layout\data\template.imp
Sun Jun 07 18:29:25 Loaded file C:\Program Files\Orcad\Layout\data\template.imp
Sun Jun 07 18:29:25 Loaded file C:\Program Files\Orcad\Layout\data\template.imp
Sun Jun 07 18:29:25 Loaded file C:\Program Files\Orcad\Layout\data\template.imp
Sun Jun 07 18:29:25 Loaded file C:\Program Files\Orcad\Layout\data\template.imp
Sun Jun 07 18:29:25 Loaded file C:\Program Files\Orcad\Layout\data\template.imp
Sun Jun 07 18:29:25 Loaded file C:\Program Files\Orcad\Layout\data\template.imp
Sun Jun 07 18:29:25 Loaded file C:\Program Files\Orcad\Layout\data\template.imp
Sun Jun 07 18:29:25 Loaded file C:\Program Files\Orcad\Layout\data\template.imp
Sun Jun 07 18:29:25 Loaded file C:\Program Files\Orcad\Layout\data\template.imp
Sun Jun 07 18:29:25 Loaded file C:\Program Files\Orcad\Layout\data\template.imp
Sun Jun 07 18:29:25 Loaded file C:\Program Files\Orcad\Layout\data\template.imp
Sun Jun 07 18:29:25 Loaded file C:\Program Files\Orcad\Layout\data\template.imp
Sun Jun 07 18:29:25 Loaded file C:\Program Files\Orcad\Layout\data\template.imp
Sun Jun 07 18:29:25 Loaded file C:\Program Files\Orcad\Layout\data\template.imp
Sun Jun 07 18:29:25 Loaded file C:\Program Files\Orcad\Layout\data\template.imp
Sun Jun 07 18:29:25 Loaded file C:\Program Files\Orcad\Layout\data\template.imp
Sun Jun 07 18:29:25 Loaded file C:\Program Files\Orcad\Layout\data\template.imp
Sun Jun 07 18:29:25 Loaded file C:\Program Files\Orcad\Layout\data\template.imp
Sun Jun 07 18:29:25 Loaded file C:\Program Files\Orcad\Layout\data\template.imp
Sun Jun 07 18:29:26 Loaded file C:\Program Files\Orcad\Layout\data\template.imp
Sun Jun 07 18:29:26 Loaded file C:\Program Files\Orcad\Layout\data\template.imp
Sun Jun 07 18:29:27 Loaded file C:\Program Files\Orcad\Layout\data\template.imp
Sun Jun 07 18:29:27 Loaded file C:\Program Files\Orcad\Layout\data\template.imp
Sun Jun 07 18:29:27 Loaded file C:\Program Files\Orcad\Layout\data\template.imp
Sun Jun 07 18:29:27 Loaded file C:\Program Files\Orcad\Layout\data\template.imp
Sun Jun 07 18:29:27 Loaded file C:\Program Files\Orcad\Layout\data\template.imp
Sun Jun 07 18:29:27 Loaded file C:\Program Files\Orcad\Layout\data\template.imp
Sun Jun 07 18:29:27 Loaded file C:\Program Files\Orcad\Layout\data\template.imp
Sun Jun 07 18:29:27 Loaded file C:\Program Files\Orcad\Layout\data\template.imp
Sun Jun 07 18:29:27 Loaded file C:\Program Files\Orcad\Layout\data\template.imp
Sun Jun 07 18:29:27 Loaded file C:\Program Files\Orcad\Layout\data\template.imp
Sun Jun 07 18:29:27 Loaded file C:\Program Files\Orcad\Layout\data\template.imp
Sun Jun 07 18:29:27 Loaded file C:\Program Files\Orcad\Layout\data\template.imp
Sun Jun 07 18:29:27 Loaded file C:\Program Files\Orcad\Layout\data\template.imp
Sun Jun 07 18:29:29 Loaded file C:\Program Files\Orcad\Layout\data\template.imp
Sun Jun 07 18:29:30 Loaded file C:\Program Files\Orcad\Layout\data\template.imp
Sun Jun 07 18:29:30 Loaded file C:\Program Files\Orcad\Layout\data\template.imp
Sun Jun 07 18:29:30 Loaded file C:\Program Files\Orcad\Layout\data\template.imp
Sun Jun 07 18:29:30 Loaded file C:\Program Files\Orcad\Layout\data\template.imp
Sun Jun 07 18:29:30 Loaded file C:\Program Files\Orcad\Layout\data\template.imp
Sun Jun 07 18:29:30 Loaded file C:\Program Files\Orcad\Layout\data\template.imp
Sun Jun 07 18:29:30 Loaded file C:\Program Files\Orcad\Layout\data\template.imp
Sun Jun 07 18:29:30 Loaded file C:\Program Files\Orcad\Layout\data\template.imp
Sun Jun 07 18:29:30 Loaded file C:\Program Files\Orcad\Layout\data\template.imp
Sun Jun 07 18:29:30 Loaded file C:\Program Files\Orcad\Layout\data\template.imp
Sun Jun 07 18:29:30 Loaded file C:\Program Files\Orcad\Layout\data\template.imp
Sun Jun 07 18:29:30 Loaded file C:\Program Files\Orcad\Layout\data\template.imp
Sun Jun 07 18:29:30 Loaded file C:\Program Files\Orcad\Layout\data\template.imp
Sun Jun 07 18:29:30 Loaded file C:\Program Files\Orcad\Layout\data\template.imp
Sun Jun 07 18:29:30 Loaded file C:\Program Files\Orcad\Layout\data\template.imp
Sun Jun 07 18:29:30 Loaded file C:\Program Files\Orcad\Layout\data\template.imp
Sun Jun 07 18:29:30 Loaded file C:\Program Files\Orcad\Layout\data\template.imp
Sun Jun 07 18:29:30 Loaded file C:\Program Files\Orcad\Layout\data\template.imp
Sun Jun 07 18:29:30 Loaded file C:\Program Files\Orcad\Layout\data\template.imp
Sun Jun 07 18:29:30 Loaded file C:\Program Files\Orcad\Layout\data\template.imp
Sun Jun 07 18:29:30 Loaded file C:\Program Files\Orcad\Layout\data\template.imp
Sun Jun 07 18:29:31 Loaded file C:\Program Files\Orcad\Layout\data\template.imp
Sun Jun 07 18:29:31 Loaded file C:\Program Files\Orcad\Layout\data\template.imp
Sun Jun 07 18:29:31 Loaded file C:\Program Files\Orcad\Layout\data\template.imp
Sun Jun 07 18:29:32 Loaded file C:\Program Files\Orcad\Layout\data\template.imp
Sun Jun 07 18:29:32 Loaded file C:\Program Files\Orcad\Layout\data\template.imp
Sun Jun 07 18:29:32 Loaded file C:\Program Files\Orcad\Layout\data\template.imp
Sun Jun 07 18:29:32 Loaded file C:\Program Files\Orcad\Layout\data\template.imp
Sun Jun 07 18:29:32 Loaded file C:\Program Files\Orcad\Layout\data\template.imp
Sun Jun 07 18:29:32 Loaded file C:\Program Files\Orcad\Layout\data\template.imp
Sun Jun 07 18:29:32 Loaded file C:\Program Files\Orcad\Layout\data\template.imp
Sun Jun 07 18:29:32 Loaded file C:\Program Files\Orcad\Layout\data\template.imp
Sun Jun 07 18:29:32 Loaded file C:\Program Files\Orcad\Layout\data\template.imp
Sun Jun 07 18:29:32 Loaded file C:\Program Files\Orcad\Layout\data\template.imp
Sun Jun 07 18:29:32 Loaded file C:\Program Files\Orcad\Layout\data\template.imp
Sun Jun 07 18:29:32 Loaded file C:\Program Files\Orcad\Layout\data\template.imp
Sun Jun 07 18:29:32 Loaded file C:\Program Files\Orcad\Layout\data\template.imp
Sun Jun 07 18:29:33 Loaded file C:\Program Files\Orcad\Layout\data\template.imp
Sun Jun 07 18:29:33 Loaded file C:\Program Files\Orcad\Layout\data\template.imp
Sun Jun 07 18:29:33 Loaded file C:\Program Files\Orcad\Layout\data\template.imp
Sun Jun 07 18:29:33 Loaded file C:\Program Files\Orcad\Layout\data\template.imp
Sun Jun 07 18:29:33 Loaded file C:\Program Files\Orcad\Layout\data\template.imp
Sun Jun 07 18:29:33 Loaded file C:\Program Files\Orcad\Layout\data\template.imp
Sun Jun 07 18:29:33 Loaded file C:\Program Files\Orcad\Layout\data\template.imp
Sun Jun 07 18:29:33 Loaded file C:\Program Files\Orcad\Layout\data\template.imp
Sun Jun 07 18:29:33 Loaded file C:\Program Files\Orcad\Layout\data\template.imp
Sun Jun 07 18:29:33 Loaded file C:\Program Files\Orcad\Layout\data\template.imp
Sun Jun 07 18:29:33 Loaded file C:\Program Files\Orcad\Layout\data\template.imp
Sun Jun 07 18:29:33 Loaded file C:\Program Files\Orcad\Layout\data\template.imp
Sun Jun 07 18:29:33 Loaded file C:\Program Files\Orcad\Layout\data\template.imp
Sun Jun 07 18:29:34 Loaded file C:\Program Files\Orcad\Layout\data\template.imp
Sun Jun 07 18:29:34 Loaded file C:\Program Files\Orcad\Layout\data\template.imp
Sun Jun 07 18:29:34 Loaded file C:\Program Files\Orcad\Layout\data\template.imp
Sun Jun 07 18:29:34 Loaded file C:\Program Files\Orcad\Layout\data\template.imp
Sun Jun 07 18:29:34 Loaded file C:\Program Files\Orcad\Layout\data\template.imp
Sun Jun 07 18:29:34 Loaded file C:\Program Files\Orcad\Layout\data\template.imp
Sun Jun 07 18:29:34 Loaded file C:\Program Files\Orcad\Layout\data\template.imp
Sun Jun 07 18:29:34 Loaded file C:\Program Files\Orcad\Layout\data\template.imp
Sun Jun 07 18:30:31 Saved as file BACKUP1.MAX
Sun Jun 07 18:30:36 Saved as file C:\USERS\MIREL\DESKTOP\GPR\HARDWARE\SECTIUNEA_RF\GPR_RF.MAX
Sun Jun 07 19:00:56 Saved as file C:\USERS\MIREL\DESKTOP\GPR\HARDWARE\SECTIUNEA_RF\GPR_RF.MAX
Sun Jun 07 19:01:02 Saved as file ~undo.max
Sun Jun 07 19:01:22 Saved as file C:\USERS\MIREL\DESKTOP\GPR\HARDWARE\SECTIUNEA_RF\GPR_RF.MAX
Sun Jun 07 19:02:05 Saved as file C:\USERS\MIREL\DESKTOP\GPR\HARDWARE\SECTIUNEA_RF\GPR_RF.MAX
Sun Jun 07 19:03:16 Saved as file C:\USERS\MIREL\DESKTOP\GPR\HARDWARE\SECTIUNEA_RF\GPR_RF.MAX
Sun Jun 07 19:41:10 Saved as file ~undo.max
Sun Jun 07 19:41:51 Saved as file ~undo.max
Sun Jun 07 19:48:03 Saved as file C:\USERS\MIREL\DESKTOP\GPR\HARDWARE\SECTIUNEA_RF\GPR_RF.MAX
Sun Jun 07 19:48:49 Saved as file ~undo.max
Sun Jun 07 19:49:46 Saved as file ~undo.max
Sun Jun 07 19:52:43 Saved as file C:\USERS\MIREL\DESKTOP\GPR\HARDWARE\SECTIUNEA_RF\GPR_RF.MAX
Sun Jun 07 19:52:50 Saved as file BACKUP1.MAX
Sun Jun 07 19:52:52 Saved as file C:\USERS\MIREL\DESKTOP\GPR\HARDWARE\SECTIUNEA_RF\GPR_RF.MAX
Tue Oct 06 18:46:00 Saved as file ~undo.max
Tue Oct 06 18:46:31 Saved as file C:\USERS\MIREL\DESKTOP\GPR\HARDWARE\SECTIUNEA_RF\GPR_RF.MAX
Tue Oct 06 18:46:47 Saved as file C:\USERS\MIREL\DESKTOP\GPR\HARDWARE\SECTIUNEA_RF\GPR_RF.MAX
Wed Oct 21 11:58:38 Saved as file BACKUP1.MAX
Wed Oct 21 12:08:38 Saved as file BACKUP1.MAX
Wed Oct 21 12:18:38 Saved as file BACKUP1.MAX
Wed Oct 21 12:28:38 Saved as file BACKUP1.MAX
Wed Oct 21 12:38:38 Saved as file BACKUP1.MAX
Wed Oct 21 12:49:08 Saved as file BACKUP1.MAX
Wed Oct 21 12:59:38 Saved as file BACKUP1.MAX
Wed Oct 21 13:02:24 Saved as file ~undo.max
Wed Oct 21 13:10:08 Saved as file BACKUP1.MAX
Tue May 24 17:09:07 Saved as file ~undo.max
Tue May 24 17:09:34 Saved as file ~undo.max
Tue May 24 17:10:43 Saved as file ~undo.max
Tue May 24 17:10:59 Saved as file ~undo.max
Tue May 24 17:11:39 Saved as file ~undo.max
Tue May 24 17:12:16 Saved as file ~undo.max
Tue May 24 17:12:27 Saved as file ~undo.max
Tue May 24 17:12:54 Saved as file ~undo.max
Tue May 24 17:13:07 Saved as file C:\USERS\MIREL\DESKTOP\GPR\HARDWARE\SECTIUNEA_RF\GPR_RF.MAX
Tue May 24 17:20:53 Saved as file C:\USERS\MIREL\DESKTOP\GPR\HARDWARE\SECTIUNEA_RF\GPR_RF.MAX
Wed May 03 14:41:53 Saved as file BACKUP1.MAX
Wed May 03 14:47:52 Loaded file C:\Program Files\Orcad\Layout\data\template.imp
Wed May 03 14:47:52 Loaded file C:\Program Files\Orcad\Layout\data\template.imp
Wed May 03 14:48:06 Loaded file C:\Program Files\Orcad\Layout\library\LAYOUT.llb
Wed May 03 14:48:07 Loaded file C:\Program Files\Orcad\Layout\data\template.imp
Wed May 03 14:48:09 Loaded file C:\Program Files\Orcad\Layout\data\template.imp
Wed May 03 14:48:09 Loaded file C:\Program Files\Orcad\Layout\data\template.imp
Wed May 03 14:48:09 Loaded file C:\Program Files\Orcad\Layout\data\template.imp
Wed May 03 14:48:09 Loaded file C:\Program Files\Orcad\Layout\data\template.imp
Wed May 03 14:48:10 Loaded file C:\Program Files\Orcad\Layout\data\template.imp
Wed May 03 14:48:10 Loaded file C:\Program Files\Orcad\Layout\data\template.imp
Wed May 03 14:48:10 Loaded file C:\Program Files\Orcad\Layout\data\template.imp
Wed May 03 14:48:11 Loaded file C:\Program Files\Orcad\Layout\data\template.imp
Wed May 03 14:48:11 Loaded file C:\Program Files\Orcad\Layout\data\template.imp
Wed May 03 14:48:12 Loaded file C:\Program Files\Orcad\Layout\data\template.imp
Wed May 03 14:48:13 Loaded file C:\Program Files\Orcad\Layout\data\template.imp
Wed May 03 14:48:14 Loaded file C:\Program Files\Orcad\Layout\data\template.imp
Wed May 03 14:48:15 Loaded file C:\Program Files\Orcad\Layout\data\template.imp
Wed May 03 14:48:15 Loaded file C:\Program Files\Orcad\Layout\data\template.imp
Wed May 03 14:48:16 Loaded file C:\Program Files\Orcad\Layout\data\template.imp
Wed May 03 14:48:16 Loaded file C:\Program Files\Orcad\Layout\data\template.imp
Wed May 03 14:48:17 Loaded file C:\Program Files\Orcad\Layout\data\template.imp
Wed May 03 14:48:17 Loaded file C:\Program Files\Orcad\Layout\data\template.imp
Wed May 03 14:48:18 Loaded file C:\Program Files\Orcad\Layout\data\template.imp
Wed May 03 14:48:18 Loaded file C:\Program Files\Orcad\Layout\data\template.imp
Wed May 03 14:48:19 Loaded file C:\Program Files\Orcad\Layout\data\template.imp
Wed May 03 14:48:20 Loaded file C:\Program Files\Orcad\Layout\data\template.imp
Wed May 03 14:48:21 Loaded file C:\Program Files\Orcad\Layout\data\template.imp
Wed May 03 14:48:22 Loaded file C:\Program Files\Orcad\Layout\data\template.imp
Wed May 03 14:48:22 Loaded file C:\Program Files\Orcad\Layout\data\template.imp
Wed May 03 14:48:23 Loaded file C:\Program Files\Orcad\Layout\data\template.imp
Wed May 03 14:48:23 Loaded file C:\Program Files\Orcad\Layout\data\template.imp
Wed May 03 14:48:23 Loaded file C:\Program Files\Orcad\Layout\data\template.imp
Wed May 03 14:48:24 Loaded file C:\Program Files\Orcad\Layout\data\template.imp
Wed May 03 14:48:24 Loaded file C:\Program Files\Orcad\Layout\data\template.imp
Wed May 03 14:48:25 Loaded file C:\Program Files\Orcad\Layout\data\template.imp
Wed May 03 14:48:25 Loaded file C:\Program Files\Orcad\Layout\data\template.imp
Wed May 03 14:48:26 Loaded file C:\Program Files\Orcad\Layout\data\template.imp
Wed May 03 14:48:27 Loaded file C:\Program Files\Orcad\Layout\data\template.imp
Wed May 03 14:48:28 Loaded file C:\Program Files\Orcad\Layout\data\template.imp
Wed May 03 14:48:28 Loaded file C:\Program Files\Orcad\Layout\data\template.imp
Wed May 03 14:48:28 Loaded file C:\Program Files\Orcad\Layout\data\template.imp
Wed May 03 14:48:28 Loaded file C:\Program Files\Orcad\Layout\data\template.imp
Wed May 03 14:48:28 Loaded file C:\Program Files\Orcad\Layout\data\template.imp
Wed May 03 14:48:28 Loaded file C:\Program Files\Orcad\Layout\data\template.imp
Wed May 03 14:48:29 Loaded file C:\Program Files\Orcad\Layout\data\template.imp
Wed May 03 14:48:30 Loaded file C:\Program Files\Orcad\Layout\data\template.imp
Wed May 03 14:48:30 Loaded file C:\Program Files\Orcad\Layout\data\template.imp
Wed May 03 14:48:30 Loaded file C:\Program Files\Orcad\Layout\data\template.imp
Wed May 03 14:48:30 Loaded file C:\Program Files\Orcad\Layout\data\template.imp
Wed May 03 14:48:30 Loaded file C:\Program Files\Orcad\Layout\data\template.imp
Wed May 03 14:48:30 Loaded file C:\Program Files\Orcad\Layout\data\template.imp
Wed May 03 14:48:31 Loaded file C:\Program Files\Orcad\Layout\data\template.imp
Wed May 03 14:48:31 Loaded file C:\Program Files\Orcad\Layout\data\template.imp
Wed May 03 14:48:31 Loaded file C:\Program Files\Orcad\Layout\data\template.imp
Wed May 03 14:48:31 Loaded file C:\Program Files\Orcad\Layout\data\template.imp
Wed May 03 14:48:32 Loaded file C:\Program Files\Orcad\Layout\data\template.imp
Wed May 03 14:48:32 Loaded file C:\Program Files\Orcad\Layout\data\template.imp
Wed May 03 14:48:33 Loaded file C:\Program Files\Orcad\Layout\data\template.imp
Wed May 03 14:48:33 Loaded file C:\Program Files\Orcad\Layout\data\template.imp
Wed May 03 14:48:34 Loaded file C:\Program Files\Orcad\Layout\data\template.imp
Wed May 03 14:48:34 Loaded file C:\Program Files\Orcad\Layout\data\template.imp
Wed May 03 14:48:35 Loaded file C:\Program Files\Orcad\Layout\data\template.imp
Wed May 03 14:48:35 Loaded file C:\Program Files\Orcad\Layout\data\template.imp
Wed May 03 14:48:35 Loaded file C:\Program Files\Orcad\Layout\data\template.imp
Wed May 03 14:48:36 Loaded file C:\Program Files\Orcad\Layout\data\template.imp
Wed May 03 14:48:36 Loaded file C:\Program Files\Orcad\Layout\data\template.imp
Wed May 03 14:50:59 Loaded file C:\Program Files\Orcad\Layout\data\template.imp
Wed May 03 14:50:59 Loaded file C:\Program Files\Orcad\Layout\data\template.imp
Wed May 03 14:51:00 Loaded file C:\Program Files\Orcad\Layout\data\template.imp
Wed May 03 21:59:34 Loaded file C:\Program Files\Orcad\Layout\data\template.imp
Wed May 03 21:59:34 Loaded file C:\Program Files\Orcad\Layout\data\template.imp
Wed May 03 22:00:07 Loaded file C:\Program Files\Orcad\Layout\library\LAYOUT.llb
Wed May 03 22:00:11 Loaded file C:\Program Files\Orcad\Layout\data\template.imp
Wed May 03 22:00:36 Loaded file C:\Program Files\Orcad\Layout\data\template.imp
Wed May 03 22:00:36 Loaded file C:\Program Files\Orcad\Layout\data\template.imp
Wed May 03 22:00:40 Loaded file C:\Program Files\Orcad\Layout\data\template.imp
Wed May 03 22:01:11 Loaded file C:\Program Files\Orcad\Layout\data\template.imp
Wed May 03 22:01:11 Loaded file C:\Program Files\Orcad\Layout\data\template.imp
Wed May 03 22:01:17 Loaded file C:\Program Files\Orcad\Layout\data\template.imp
Wed May 03 22:01:38 Saved as file ~undo.max
Wed May 03 22:01:59 Loaded file C:\Program Files\Orcad\Layout\data\template.imp
Wed May 03 22:01:59 Loaded file C:\Program Files\Orcad\Layout\data\template.imp
Wed May 03 22:02:01 Loaded file C:\Program Files\Orcad\Layout\data\template.imp
Wed May 03 22:02:22 Saved as file ~undo.max
Wed May 03 22:02:29 Loaded file C:\Program Files\Orcad\Layout\data\template.imp
Wed May 03 22:02:29 Loaded file C:\Program Files\Orcad\Layout\data\template.imp
Wed May 03 22:02:30 Loaded file C:\Program Files\Orcad\Layout\data\template.imp
Wed May 03 22:02:56 Saved as file ~undo.max
Wed May 03 22:03:10 Loaded file C:\Program Files\Orcad\Layout\data\template.imp
Wed May 03 22:03:10 Loaded file C:\Program Files\Orcad\Layout\data\template.imp
Wed May 03 22:03:12 Loaded file C:\Program Files\Orcad\Layout\data\template.imp
Wed May 03 22:03:44 Saved as file ~undo.max
Wed May 03 22:04:04 Saved as file D:\DATE\GPR\HARDWARE\SECTIUNEA_RF\GPR_RF.MAX
Wed May 03 22:04:40 Saved as file D:\DATE\GPR\HARDWARE\SECTIUNEA_RF\GPR_RF.MAX
Wed May 03 22:06:01 Saved as file D:\DATE\GPR\HARDWARE\SECTIUNEA_RF\GPR_RF.MAX
Wed May 03 22:06:18 Saved as file D:\DATE\GPR\HARDWARE\SECTIUNEA_RF\GPR_RF.MAX
Wed May 03 22:21:53 Saved as file D:\DATE\GPR\HARDWARE\SECTIUNEA_RF\GPR_RF.MAX
Wed May 03 22:21:58 Saved as file ~undo.max
Wed May 03 22:22:39 Saved as file D:\DATE\GPR\HARDWARE\SECTIUNEA_RF\GPR_RF.MAX
Sat May 18 13:32:26 Saved as file ~undo.max
Sat May 18 13:34:22 Saved as file ~undo.max
Sat May 18 13:35:13 Saved as file ~undo.max
Sat May 18 13:35:27 Saved as file D:\DATE\GPR\HARDWARE\SECTIUNEA_RF\GPR_RF.MAX
Sat May 18 13:35:44 Saved as file D:\DATE\GPR\HARDWARE\SECTIUNEA_RF\GPR_RF.MAX
Sat May 18 13:36:31 Saved as file ~undo.max
Sat May 18 13:36:51 Saved as file ~undo.max
Sat May 18 13:37:10 Saved as file ~undo.max
Sat May 18 13:37:51 Saved as file ~undo.max
Sat May 18 13:38:15 Saved as file D:\DATE\GPR\HARDWARE\SECTIUNEA_RF\GPR_RF.MAX
Sat May 18 13:38:18 Saved as file D:\DATE\GPR\HARDWARE\SECTIUNEA_RF\GPR_RF.MAX
Sat May 18 13:38:20 Saved as file ~undo.max
Sat May 18 13:38:45 Saved as file D:\DATE\GPR\HARDWARE\SECTIUNEA_RF\GPR_RF.MAX
Sat May 18 13:38:48 Saved as file ~undo.max
Sat May 18 13:38:56 Saved as file BACKUP1.MAX
Sat May 18 13:40:49 Saved as file ~undo.max
Sat May 18 13:42:55 Saved as file ~undo.max
Sat May 18 13:43:28 Saved as file ~undo.max
Sat May 18 13:43:33 Saved as file D:\DATE\GPR\HARDWARE\SECTIUNEA_RF\GPR_RF.MAX
Sat May 18 13:44:06 Saved as file D:\DATE\GPR\HARDWARE\SECTIUNEA_RF\GPR_RF.MAX
Sat May 18 13:45:49 Saved as file D:\DATE\GPR\HARDWARE\SECTIUNEA_RF\GPR_RF.MAX
Sat May 18 13:45:52 Saved as file ~undo.max
Sat May 18 13:46:00 Saved as file D:\DATE\GPR\HARDWARE\SECTIUNEA_RF\GPR_RF.MAX
Sat May 18 13:46:19 Saved as file D:\DATE\GPR\HARDWARE\SECTIUNEA_RF\GPR_RF.MAX
Sat May 18 15:16:03 Saved as file ~undo.max
Tue May 21 20:10:32 Saved as file ~undo.max
Tue May 21 20:12:56 Saved as file ~undo.max
Tue May 21 20:20:57 Saved as file ~undo.max
Tue May 21 20:24:47 Saved as file ~undo.max
Tue May 21 20:25:25 Saved as file ~undo.max
Tue May 21 20:25:54 Saved as file ~undo.max
Tue May 21 20:26:02 Saved as file ~undo.max
Tue May 21 20:26:35 Saved as file ~undo.max
Tue May 21 20:30:18 Saved as file ~undo.max
Tue May 21 20:30:56 Saved as file ~undo.max
Tue May 21 20:31:06 Saved as file D:\DATE\GPR\HARDWARE\SECTIUNEA_RF\GPR_RF.MAX
